RUN	com.perf.tests.RestApi	restapi	1675844483053	 	3.6.1
USER	update User	START	1675844484666
USER	Create User	START	1675844484665
USER	Create User	START	1675844485150
REQUEST		put req	1675844484717	1675844485273	OK	 
REQUEST		post req	1675844484717	1675844485273	OK	 
USER	update User	END	1675844485361
USER	Create User	END	1675844485361
REQUEST		post req	1675844485151	1675844485599	OK	 
USER	Create User	END	1675844485600
USER	update User	START	1675844485640
USER	Create User	START	1675844485655
REQUEST		put req	1675844485640	1675844486005	OK	 
USER	update User	END	1675844486006
REQUEST		post req	1675844485655	1675844486065	OK	 
USER	Create User	END	1675844486066
USER	Create User	START	1675844486158
REQUEST		post req	1675844486159	1675844486558	OK	 
USER	Create User	END	1675844486559
USER	Create User	START	1675844486662
REQUEST		post req	1675844486662	1675844487023	OK	 
USER	Create User	END	1675844487024
USER	Create User	START	1675844487145
REQUEST		post req	1675844487145	1675844487522	OK	 
USER	Create User	END	1675844487523
USER	update User	START	1675844487648
USER	Create User	START	1675844487648
REQUEST		put req	1675844487648	1675844488046	OK	 
USER	update User	END	1675844488047
REQUEST		post req	1675844487648	1675844488053	OK	 
USER	Create User	END	1675844488054
USER	Create User	START	1675844488151
REQUEST		post req	1675844488151	1675844488549	OK	 
USER	Create User	END	1675844488550
USER	Create User	START	1675844488651
REQUEST		post req	1675844488651	1675844489022	OK	 
USER	Create User	END	1675844489023
USER	Create User	START	1675844489155
REQUEST		post req	1675844489155	1675844489575	OK	 
USER	Create User	END	1675844489576
